<?xml version="1.0" encoding="UTF-8" ?>
<testsuite failures="0" time="0.071" errors="0" skipped="0" tests="17" name="no.uio.inf5750.assignment2.service.StudentSystemTest">
  <properties>
[...]
</properties>
  <testcase time="0.018" classname="no.uio.inf5750.assignment2.service.StudentSystemTest" name="testGetAllStudents"/>
  <testcase time="0.003" classname="no.uio.inf5750.assignment2.service.StudentSystemTest" name="testDelStudent"/>
  <testcase time="0.004" classname="no.uio.inf5750.assignment2.service.StudentSystemTest" name="testDelDegree"/>
  <testcase time="0.003" classname="no.uio.inf5750.assignment2.service.StudentSystemTest" name="testGetAllDegrees"/>
  <testcase time="0.003" classname="no.uio.inf5750.assignment2.service.StudentSystemTest" name="testAddCourse"/>
  <testcase time="0.002" classname="no.uio.inf5750.assignment2.service.StudentSystemTest" name="studentLocation"/>
  <testcase time="0.005" classname="no.uio.inf5750.assignment2.service.StudentSystemTest" name="testUpdateCourse"/>
  <testcase time="0.004" classname="no.uio.inf5750.assignment2.service.StudentSystemTest" name="testUpdateDegree"/>
  <testcase time="0.003" classname="no.uio.inf5750.assignment2.service.StudentSystemTest" name="testAddStudent"/>
  <testcase time="0.003" classname="no.uio.inf5750.assignment2.service.StudentSystemTest" name="testUpdateStudent"/>
  <testcase time="0.003" classname="no.uio.inf5750.assignment2.service.StudentSystemTest" name="testAddAttendantToCourse"/>
  <testcase time="0.003" classname="no.uio.inf5750.assignment2.service.StudentSystemTest" name="testAddDegreeToStudent"/>
  <testcase time="0.005" classname="no.uio.inf5750.assignment2.service.StudentSystemTest" name="addDegree"/>
  <testcase time="0.002" classname="no.uio.inf5750.assignment2.service.StudentSystemTest" name="testAddRequiredCourseToDegree"/>
  <testcase time="0.003" classname="no.uio.inf5750.assignment2.service.StudentSystemTest" name="testStudentFulfillsDegreeRequirements"/>
  <testcase time="0.004" classname="no.uio.inf5750.assignment2.service.StudentSystemTest" name="testGetAllCourses"/>
  <testcase time="0.003" classname="no.uio.inf5750.assignment2.service.StudentSystemTest" name="testDelCourse"/>
</testsuite>